0 silly argv {
0 silly argv   _: [ 'clean' ],
0 silly argv   y: true,
0 silly argv   yes: true,
0 silly argv   lernaVersion: '5.6.2',
0 silly argv   '$0': '/Users/igor.maric/mondu/monorepo/node_modules/.bin/lerna'
0 silly argv }
1 notice cli v5.6.2
2 verbose rootPath /Users/igor.maric/mondu/monorepo
3 error JSONError: Unexpected token "}" (0x7D) in JSON at position 489 while parsing near "...build\": \"tsc -b\",\n  }\n}\n" in packages/shared/package.json
3 error
3 error [0m [90m 18 |[39m   [32m"scripts"[39m[33m:[39m {[0m
3 error [0m [90m 19 |[39m     [32m"build"[39m[33m:[39m [32m"tsc -b"[39m[33m,[39m[0m
3 error [0m[31m[1m>[22m[39m[90m 20 |[39m   }[0m
3 error [0m [90m    |[39m   [31m[1m^[22m[39m[0m
3 error [0m [90m 21 |[39m }[0m
3 error [0m [90m 22 |[39m[0m
3 error
3 error     at parseJson (/Users/igor.maric/mondu/monorepo/node_modules/parse-json/index.js:29:21)
3 error     at parse (/Users/igor.maric/mondu/monorepo/node_modules/load-json-file/index.js:15:9)
3 error     at module.exports (/Users/igor.maric/mondu/monorepo/node_modules/load-json-file/index.js:18:47)
